[12/05/2025 23:36:34] Xqedii won magenta_concrete_powder (ID: magenta_concrete_powder, Weight: 10.0) from Legendary Crate (ID: legendary)
[12/05/2025 23:37:56] Xqedii won magenta_concrete_powder (ID: magenta_concrete_powder, Weight: 10.0) from Legendary Crate (ID: legendary)
[12/05/2025 23:39:24] Xqedii won magenta_concrete_powder (ID: magenta_concrete_powder, Weight: 10.0) from Legendary Crate (ID: legendary)
[12/05/2025 23:40:14] Xqedii won magenta_concrete_powder (ID: magenta_concrete_powder, Weight: 10.0) from Legendary Crate (ID: legendary)
[12/05/2025 23:40:38] Xqedii won magenta_concrete_powder (ID: magenta_concrete_powder, Weight: 10.0) from Legendary Crate (ID: legendary)
[12/05/2025 23:40:54] Xqedii won magenta_concrete_powder (ID: magenta_concrete_powder, Weight: 10.0) from Legendary Crate (ID: legendary)
[12/05/2025 23:41:11] Xqedii won magenta_concrete_powder (ID: magenta_concrete_powder, Weight: 10.0) from Legendary Crate (ID: legendary)
[12/05/2025 23:41:26] Xqedii won magenta_concrete_powder (ID: magenta_concrete_powder, Weight: 10.0) from Legendary Crate (ID: legendary)
[12/05/2025 23:42:02] Xqedii won magenta_concrete_powder (ID: magenta_concrete_powder, Weight: 10.0) from Legendary Crate (ID: legendary)
[12/05/2025 23:42:20] Xqedii won magenta_concrete_powder (ID: magenta_concrete_powder, Weight: 10.0) from Legendary Crate (ID: legendary)
[12/05/2025 23:47:12] Xqedii won magenta_concrete_powder (ID: magenta_concrete_powder, Weight: 10.0) from Legendary Crate (ID: legendary)
[14/06/2025 02:00:06] Xqedii won Diamond (x16) (ID: diamond, Weight: 10.0) from Common Crate (ID: common)
[14/06/2025 02:00:10] Xqedii won Diamond (x16) (ID: diamond, Weight: 10.0) from Common Crate (ID: common)
[14/06/2025 02:00:13] Xqedii won Diamond (x16) (ID: diamond, Weight: 10.0) from Common Crate (ID: common)
[14/06/2025 02:00:46] Xqedii won Diamond (x16) (ID: diamond, Weight: 10.0) from Common Crate (ID: common)
[14/06/2025 02:00:49] Xqedii won Diamond (x16) (ID: diamond, Weight: 10.0) from Common Crate (ID: common)
[14/06/2025 02:00:51] Xqedii won Diamond (x16) (ID: diamond, Weight: 10.0) from Common Crate (ID: common)
[14/06/2025 02:00:51] Xqedii won Diamond (x16) (ID: diamond, Weight: 10.0) from Common Crate (ID: common)
[14/06/2025 02:00:52] Xqedii won Diamond (x16) (ID: diamond, Weight: 10.0) from Common Crate (ID: common)
[14/06/2025 02:00:52] Xqedii won Diamond (x16) (ID: diamond, Weight: 10.0) from Common Crate (ID: common)
[14/06/2025 02:00:52] Xqedii won Diamond (x16) (ID: diamond, Weight: 10.0) from Common Crate (ID: common)
[14/06/2025 02:00:52] Xqedii won Diamond (x16) (ID: diamond, Weight: 10.0) from Common Crate (ID: common)
[14/06/2025 02:00:53] Xqedii won Diamond (x16) (ID: diamond, Weight: 10.0) from Common Crate (ID: common)
[14/06/2025 02:04:31] Xqedii won Iron Ingot (x32) (ID: iron_ingot, Weight: 10.0) from Common Crate (ID: common)
[14/06/2025 02:04:31] Xqedii won Dirt (x64) (ID: dirt, Weight: 10.0) from Common Crate (ID: common)
[14/06/2025 02:04:31] Xqedii won Emerald (x16) (ID: emerald, Weight: 10.0) from Common Crate (ID: common)
[14/06/2025 02:04:32] Xqedii won Emerald (x16) (ID: emerald, Weight: 10.0) from Common Crate (ID: common)
[14/06/2025 02:04:32] Xqedii won Dirt (x64) (ID: dirt, Weight: 10.0) from Common Crate (ID: common)
[14/06/2025 02:04:32] Xqedii won Iron Ingot (x32) (ID: iron_ingot, Weight: 10.0) from Common Crate (ID: common)
[14/06/2025 02:04:32] Xqedii won Diamond (x16) (ID: diamond, Weight: 10.0) from Common Crate (ID: common)
[14/06/2025 02:04:32] Xqedii won Emerald (x16) (ID: emerald, Weight: 10.0) from Common Crate (ID: common)
[14/06/2025 02:04:33] Xqedii won Lapis (x64) (ID: lapis_lazuli, Weight: 10.0) from Common Crate (ID: common)
[14/06/2025 02:04:33] Xqedii won Gold Ingot (x32) (ID: gold_ingot, Weight: 10.0) from Common Crate (ID: common)
[14/06/2025 02:04:33] Xqedii won Lapis (x64) (ID: lapis_lazuli, Weight: 10.0) from Common Crate (ID: common)
[14/06/2025 02:08:04] Xqedii won Dirt (x64) (ID: dirt, Weight: 10.0) from Common Crate (ID: common)
[14/06/2025 02:08:05] Xqedii won Spruce Log (x32) (ID: spruce_log, Weight: 10.0) from Common Crate (ID: common)
[14/06/2025 02:08:05] Xqedii won Cut Sandstone (x64) (ID: cut_sandstone, Weight: 10.0) from Common Crate (ID: common)
[14/06/2025 02:08:05] Xqedii won Redstone Dust (x64) (ID: redstone, Weight: 10.0) from Common Crate (ID: common)
[14/06/2025 02:08:05] Xqedii won Redstone Dust (x64) (ID: redstone, Weight: 10.0) from Common Crate (ID: common)
[14/06/2025 02:08:33] Xqedii won Dirt (x64) (ID: dirt, Weight: 10.0) from Common Crate (ID: common)
[14/06/2025 02:13:21] Xqedii won Diamond Shovel (ID: diamond_shovel, Weight: 10.0) from Common Crate (ID: common)
[14/06/2025 02:13:21] Xqedii won Sweet Berries (x32) (ID: sweet_berries, Weight: 10.0) from Common Crate (ID: common)
[14/06/2025 02:13:22] Xqedii won Oak Log (x32) (ID: oak_log, Weight: 10.0) from Common Crate (ID: common)
[14/06/2025 02:13:22] Xqedii won Lapis (x64) (ID: lapis_lazuli, Weight: 10.0) from Common Crate (ID: common)
[14/06/2025 02:13:22] Xqedii won Lapis (x64) (ID: lapis_lazuli, Weight: 10.0) from Common Crate (ID: common)
[14/06/2025 02:13:22] Xqedii won Emerald (x16) (ID: emerald, Weight: 10.0) from Common Crate (ID: common)
[14/06/2025 02:13:22] Xqedii won Redstone Dust (x64) (ID: redstone, Weight: 10.0) from Common Crate (ID: common)
[14/06/2025 02:13:23] Xqedii won Birch Log (x32) (ID: birch_log, Weight: 10.0) from Common Crate (ID: common)
[14/06/2025 02:13:23] Xqedii won Jungle Log (x32) (ID: jungle_log, Weight: 10.0) from Common Crate (ID: common)
[14/06/2025 02:13:24] Xqedii won Bamboo (x32) (ID: bamboo, Weight: 10.0) from Common Crate (ID: common)
[14/06/2025 02:18:38] Xqedii won Carrot I (ID: carrot_i, Weight: 10.0) from Minions Crate (ID: minions)
[14/06/2025 04:36:13] Xqedii won Beacon (ID: beacon, Weight: 10.0) from Skyblock Crate (ID: skyblock)
[14/06/2025 04:36:14] Xqedii won Emerald (x64) (ID: emerald, Weight: 10.0) from Magical Crate (ID: magical)
[14/06/2025 04:36:14] Xqedii won Diamond Shovel (ID: diamond_shovel, Weight: 10.0) from Magical Crate (ID: magical)
[14/06/2025 04:36:15] Xqedii won Diamond Shovel (ID: diamond_shovel, Weight: 10.0) from Magical Crate (ID: magical)
[14/06/2025 04:36:15] Xqedii won Diamond Leggings (ID: diamond_leggings, Weight: 10.0) from Magical Crate (ID: magical)
[14/06/2025 04:36:15] Xqedii won sᴇʟʟᴡᴀɴᴅ [50 Uses] (ID: s_50_uses, Weight: 10.0) from Magical Crate (ID: magical)
[14/06/2025 04:36:16] Xqedii won Diamond Pickaxe (ID: diamond_pickaxe, Weight: 10.0) from Magical Crate (ID: magical)
[14/06/2025 04:36:18] Xqedii won Gold Ingot (x32) (ID: gold_ingot, Weight: 10.0) from Common Crate (ID: common)
[14/06/2025 04:36:18] Xqedii won Diamond Axe (ID: diamond_axe, Weight: 10.0) from Common Crate (ID: common)
[14/06/2025 04:36:18] Xqedii won Birch Log (x32) (ID: birch_log, Weight: 10.0) from Common Crate (ID: common)
[14/06/2025 04:36:18] Xqedii won Bamboo (x32) (ID: bamboo, Weight: 10.0) from Common Crate (ID: common)
[14/06/2025 04:36:19] Xqedii won Dark Oak Log (x32) (ID: dark_oak_log, Weight: 10.0) from Common Crate (ID: common)
[14/06/2025 04:36:19] Xqedii won Oak Log (x32) (ID: oak_log, Weight: 10.0) from Common Crate (ID: common)
[14/06/2025 04:36:19] Xqedii won Dirt (x64) (ID: dirt, Weight: 10.0) from Common Crate (ID: common)
[14/06/2025 04:36:19] Xqedii won Iron Ingot (x32) (ID: iron_ingot, Weight: 10.0) from Common Crate (ID: common)
[14/06/2025 04:36:20] Xqedii won Grass (x32) (ID: grass_block, Weight: 10.0) from Common Crate (ID: common)
[14/06/2025 04:36:22] Xqedii won Enchanted Golden Apple (x3) (ID: enchanted_golden_apple, Weight: 10.0) from Legendary Crate (ID: legendary)
[14/06/2025 04:36:24] Xqedii won Totem of Undying (x1) (ID: totem_of_undying, Weight: 10.0) from Legendary Crate (ID: legendary)
[14/06/2025 04:36:24] Xqedii won Enchanted Book (Mending) (ID: enchanted_book, Weight: 10.0) from Legendary Crate (ID: legendary)
[14/06/2025 04:36:24] Xqedii won Gold Block (x64) (ID: gold_block, Weight: 10.0) from Legendary Crate (ID: legendary)
[14/06/2025 04:36:25] Xqedii won Crossbow (ID: crossbow, Weight: 10.0) from Legendary Crate (ID: legendary)
[14/06/2025 04:36:25] Xqedii won Enchanted Book (Mending) (ID: enchanted_book, Weight: 10.0) from Legendary Crate (ID: legendary)
[14/06/2025 04:36:25] Xqedii won Netherite Leggings (ID: netherite_leggings, Weight: 10.0) from Legendary Crate (ID: legendary)
[14/06/2025 04:36:25] Xqedii won Enchanted Book (Mending) (ID: enchanted_book, Weight: 10.0) from Legendary Crate (ID: legendary)
[14/06/2025 04:36:25] Xqedii won Netherite Sword (ID: netherite_sword, Weight: 10.0) from Legendary Crate (ID: legendary)
[14/06/2025 04:36:26] Xqedii won Totem of Undying (x1) (ID: totem_of_undying, Weight: 10.0) from Legendary Crate (ID: legendary)
[14/06/2025 04:36:26] Xqedii won Netherite Leggings (ID: netherite_leggings, Weight: 10.0) from Legendary Crate (ID: legendary)
[14/06/2025 04:36:26] Xqedii won Netherite Chestplate (ID: netherite_chestplate, Weight: 10.0) from Legendary Crate (ID: legendary)
[14/06/2025 04:36:26] Xqedii won Enchanted Golden Apple (x3) (ID: enchanted_golden_apple, Weight: 10.0) from Legendary Crate (ID: legendary)
[14/06/2025 04:36:27] Xqedii won Crossbow (ID: crossbow, Weight: 10.0) from Legendary Crate (ID: legendary)
[14/06/2025 04:36:27] Xqedii won Netherite Pickaxe (ID: netherite_pickaxe, Weight: 10.0) from Legendary Crate (ID: legendary)
[14/06/2025 04:48:37] Xqedii won Oak Log (x32) (ID: oak_log, Weight: 10.0) from Common Crate (ID: common)
[14/06/2025 04:48:38] Xqedii won Oak Log (x32) (ID: oak_log, Weight: 10.0) from Common Crate (ID: common)
[14/06/2025 04:48:39] Xqedii won Acacia Log (x32) (ID: acacia_log, Weight: 10.0) from Common Crate (ID: common)
[14/06/2025 04:48:41] Xqedii won Redstone Block (x16) (ID: redstone_block, Weight: 10.0) from Magical Crate (ID: magical)
[14/06/2025 04:48:41] Xqedii won Gold Ingot (x64) (ID: gold_ingot, Weight: 10.0) from Magical Crate (ID: magical)
[14/06/2025 04:48:44] Xqedii won Iron Block (x64) (ID: iron_block, Weight: 10.0) from Legendary Crate (ID: legendary)
[06/08/2025 14:41:39] Driveen won Lapis (x64) (ID: lapis_lazuli, Weight: 10.0) from Common Crate (ID: common)
[06/08/2025 14:41:42] Driveen won Jungle Log (x32) (ID: jungle_log, Weight: 10.0) from Common Crate (ID: common)
[06/08/2025 14:41:42] Driveen won Sandstone (x64) (ID: sandstone, Weight: 10.0) from Common Crate (ID: common)
[06/08/2025 14:41:42] Driveen won Sandstone (x64) (ID: sandstone, Weight: 10.0) from Common Crate (ID: common)
[06/08/2025 14:41:42] Driveen won Diamond Pickaxe (ID: diamond_pickaxe, Weight: 10.0) from Common Crate (ID: common)
[06/08/2025 14:41:42] Driveen won Spruce Log (x32) (ID: spruce_log, Weight: 10.0) from Common Crate (ID: common)
[06/08/2025 14:41:42] Driveen won Sandstone (x64) (ID: sandstone, Weight: 10.0) from Common Crate (ID: common)
[06/08/2025 14:41:42] Driveen won Cherry Log (x32) (ID: cherry_log, Weight: 10.0) from Common Crate (ID: common)
[06/08/2025 14:41:42] Driveen won Diamond Axe (ID: diamond_axe, Weight: 10.0) from Common Crate (ID: common)
[06/08/2025 14:42:02] Driveen won Diamond (x64) (ID: diamond, Weight: 10.0) from Magical Crate (ID: magical)
[06/08/2025 14:42:04] Driveen won Diamond Axe (ID: diamond_axe, Weight: 10.0) from Magical Crate (ID: magical)
[06/08/2025 14:42:04] Driveen won Redstone Block (x16) (ID: redstone_block, Weight: 10.0) from Magical Crate (ID: magical)
[06/08/2025 14:42:04] Driveen won Diamond (x64) (ID: diamond, Weight: 10.0) from Magical Crate (ID: magical)
[06/08/2025 14:42:04] Driveen won Diamond Helmet (ID: diamond_helmet, Weight: 10.0) from Magical Crate (ID: magical)
[06/08/2025 14:42:04] Driveen won Diamond Chestplate (ID: diamond_chestplate, Weight: 10.0) from Magical Crate (ID: magical)
[06/08/2025 14:42:22] Driveen won Emerald Block (x64) (ID: emerald_block, Weight: 10.0) from Legendary Crate (ID: legendary)
[06/08/2025 14:42:24] Driveen won sᴇʟʟᴡᴀɴᴅ [50 Uses] (ID: s_50_uses, Weight: 10.0) from Legendary Crate (ID: legendary)
[06/08/2025 14:42:24] Driveen won Trident (ID: trident, Weight: 10.0) from Legendary Crate (ID: legendary)
[08/08/2025 15:45:37] Driveen won Diamond Shovel (ID: diamond_shovel, Weight: 10.0) from Common Crate (ID: common)
